Analysis & Elaboration report for rnn
Sat Apr 29 02:55:01 2017
Quartus Prime Version 16.1.0 Build 196 10/24/2016 SJ Lite Edition


---------------------
; Table of Contents ;
---------------------
  1. Legal Notice
  2. Analysis & Elaboration Summary
  3. Parallel Compilation
  4. Parameter Settings for User Entity Instance: Top-level Entity: |rnn_cell
  5. Parameter Settings for User Entity Instance: tanh_layer:inst1
  6. Parameter Settings for User Entity Instance: tanh_layer:inst1|WeightAndBiasInputs:inst1
  7. Parameter Settings for User Entity Instance: tanh_layer:inst1|WeightAndBiasInputs:inst1|VariableInputAdd:GEN1[0].final_answer
  8. Parameter Settings for User Entity Instance: tanh_layer:inst1|WeightAndBiasInputs:inst1|VariableInputAdd:GEN1[0].final_answer|VariableInputAdd:left
  9. Parameter Settings for User Entity Instance: tanh_layer:inst1|WeightAndBiasInputs:inst1|VariableInputAdd:GEN1[0].final_answer|VariableInputAdd:right
 10. Parameter Settings for User Entity Instance: tanh_layer:inst1|WeightAndBiasInputs:inst1|VariableInputAdd:GEN1[0].final_answer|VariableInputAdd:right|VariableInputAdd:left
 11. Parameter Settings for User Entity Instance: tanh_layer:inst1|WeightAndBiasInputs:inst1|VariableInputAdd:GEN1[0].final_answer|VariableInputAdd:right|VariableInputAdd:right
 12. Parameter Settings for User Entity Instance: tanh_layer:inst1|WeightAndBiasInputs:inst1|VariableInputAdd:GEN1[1].final_answer
 13. Parameter Settings for User Entity Instance: tanh_layer:inst1|WeightAndBiasInputs:inst1|VariableInputAdd:GEN1[1].final_answer|VariableInputAdd:left
 14. Parameter Settings for User Entity Instance: tanh_layer:inst1|WeightAndBiasInputs:inst1|VariableInputAdd:GEN1[1].final_answer|VariableInputAdd:right
 15. Parameter Settings for User Entity Instance: tanh_layer:inst1|WeightAndBiasInputs:inst1|VariableInputAdd:GEN1[1].final_answer|VariableInputAdd:right|VariableInputAdd:left
 16. Parameter Settings for User Entity Instance: tanh_layer:inst1|WeightAndBiasInputs:inst1|VariableInputAdd:GEN1[1].final_answer|VariableInputAdd:right|VariableInputAdd:right
 17. Parameter Settings for User Entity Instance: tanh_layer:inst1|tanh:GEN[0].tanh
 18. Parameter Settings for User Entity Instance: tanh_layer:inst1|tanh:GEN[1].tanh
 19. Analysis & Elaboration Settings
 20. Analysis & Elaboration Messages



----------------
; Legal Notice ;
----------------
Copyright (C) 2016  Intel Corporation. All rights reserved.
Your use of Intel Corporation's design tools, logic functions 
and other software and tools, and its AMPP partner logic 
functions, and any output files from any of the foregoing 
(including device programming or simulation files), and any 
associated documentation or information are expressly subject 
to the terms and conditions of the Intel Program License 
Subscription Agreement, the Intel Quartus Prime License Agreement,
the Intel MegaCore Function License Agreement, or other 
applicable license agreement, including, without limitation, 
that your use is for the sole purpose of programming logic 
devices manufactured by Intel and sold by Intel or its 
authorized distributors.  Please refer to the applicable 
agreement for further details.



+-----------------------------------------------------------------------------+
; Analysis & Elaboration Summary                                              ;
+-------------------------------+---------------------------------------------+
; Analysis & Elaboration Status ; Successful - Sat Apr 29 02:55:01 2017       ;
; Quartus Prime Version         ; 16.1.0 Build 196 10/24/2016 SJ Lite Edition ;
; Revision Name                 ; rnn                                         ;
; Top-level Entity Name         ; rnn_cell                                    ;
; Family                        ; Cyclone V                                   ;
; Logic utilization (in ALMs)   ; N/A until Partition Merge                   ;
; Total registers               ; N/A until Partition Merge                   ;
; Total pins                    ; N/A until Partition Merge                   ;
; Total virtual pins            ; N/A until Partition Merge                   ;
; Total block memory bits       ; N/A until Partition Merge                   ;
; Total PLLs                    ; N/A until Partition Merge                   ;
; Total DLLs                    ; N/A until Partition Merge                   ;
+-------------------------------+---------------------------------------------+


+------------------------------------------+
; Parallel Compilation                     ;
+----------------------------+-------------+
; Processors                 ; Number      ;
+----------------------------+-------------+
; Number detected on machine ; 4           ;
; Maximum allowed            ; 4           ;
;                            ;             ;
; Average used               ; 1.00        ;
; Maximum used               ; 1           ;
;                            ;             ;
; Usage by Processor         ; % Time Used ;
;     Processor 1            ; 100.0%      ;
+----------------------------+-------------+


+--------------------------------------------------------------------------+
; Parameter Settings for User Entity Instance: Top-level Entity: |rnn_cell ;
+----------------+-------+-------------------------------------------------+
; Parameter Name ; Value ; Type                                            ;
+----------------+-------+-------------------------------------------------+
; DATA_WIDTH     ; 16    ; Signed Integer                                  ;
; FRACT_WIDTH    ; 8     ; Signed Integer                                  ;
; N_IN           ; 3     ; Signed Integer                                  ;
; N_OUT          ; 2     ; Signed Integer                                  ;
+----------------+-------+-------------------------------------------------+
Note: In order to hide this table in the UI and the text report file, please set the "Show Parameter Settings in Synthesis Report" option in "Analysis and Synthesis Settings -> More Settings" to "Off".


+---------------------------------------------------------------+
; Parameter Settings for User Entity Instance: tanh_layer:inst1 ;
+----------------+-------+--------------------------------------+
; Parameter Name ; Value ; Type                                 ;
+----------------+-------+--------------------------------------+
; DATA_WIDTH     ; 16    ; Signed Integer                       ;
; FRACT_WIDTH    ; 8     ; Signed Integer                       ;
; N_IN           ; 5     ; Signed Integer                       ;
; N_OUT          ; 2     ; Signed Integer                       ;
+----------------+-------+--------------------------------------+
Note: In order to hide this table in the UI and the text report file, please set the "Show Parameter Settings in Synthesis Report" option in "Analysis and Synthesis Settings -> More Settings" to "Off".


+-----------------------------------------------------------------------------------------+
; Parameter Settings for User Entity Instance: tanh_layer:inst1|WeightAndBiasInputs:inst1 ;
+----------------+-------+----------------------------------------------------------------+
; Parameter Name ; Value ; Type                                                           ;
+----------------+-------+----------------------------------------------------------------+
; DATA_WIDTH     ; 16    ; Signed Integer                                                 ;
; FRACT_WIDTH    ; 8     ; Signed Integer                                                 ;
; N_IN           ; 5     ; Signed Integer                                                 ;
; N_OUT          ; 2     ; Signed Integer                                                 ;
+----------------+-------+----------------------------------------------------------------+
Note: In order to hide this table in the UI and the text report file, please set the "Show Parameter Settings in Synthesis Report" option in "Analysis and Synthesis Settings -> More Settings" to "Off".


+-------------------------------------------------------------------------------------------------------------------------------+
; Parameter Settings for User Entity Instance: tanh_layer:inst1|WeightAndBiasInputs:inst1|VariableInputAdd:GEN1[0].final_answer ;
+----------------+-------+------------------------------------------------------------------------------------------------------+
; Parameter Name ; Value ; Type                                                                                                 ;
+----------------+-------+------------------------------------------------------------------------------------------------------+
; DATA_WIDTH     ; 16    ; Signed Integer                                                                                       ;
; FRACT_WIDTH    ; 8     ; Signed Integer                                                                                       ;
; N_IN           ; 5     ; Signed Integer                                                                                       ;
+----------------+-------+------------------------------------------------------------------------------------------------------+
Note: In order to hide this table in the UI and the text report file, please set the "Show Parameter Settings in Synthesis Report" option in "Analysis and Synthesis Settings -> More Settings" to "Off".


+-----------------------------------------------------------------------------------------------------------------------------------------------------+
; Parameter Settings for User Entity Instance: tanh_layer:inst1|WeightAndBiasInputs:inst1|VariableInputAdd:GEN1[0].final_answer|VariableInputAdd:left ;
+----------------+-------+----------------------------------------------------------------------------------------------------------------------------+
; Parameter Name ; Value ; Type                                                                                                                       ;
+----------------+-------+----------------------------------------------------------------------------------------------------------------------------+
; DATA_WIDTH     ; 16    ; Signed Integer                                                                                                             ;
; FRACT_WIDTH    ; 8     ; Signed Integer                                                                                                             ;
; N_IN           ; 2     ; Signed Integer                                                                                                             ;
+----------------+-------+----------------------------------------------------------------------------------------------------------------------------+
Note: In order to hide this table in the UI and the text report file, please set the "Show Parameter Settings in Synthesis Report" option in "Analysis and Synthesis Settings -> More Settings" to "Off".


+------------------------------------------------------------------------------------------------------------------------------------------------------+
; Parameter Settings for User Entity Instance: tanh_layer:inst1|WeightAndBiasInputs:inst1|VariableInputAdd:GEN1[0].final_answer|VariableInputAdd:right ;
+----------------+-------+-----------------------------------------------------------------------------------------------------------------------------+
; Parameter Name ; Value ; Type                                                                                                                        ;
+----------------+-------+-----------------------------------------------------------------------------------------------------------------------------+
; DATA_WIDTH     ; 16    ; Signed Integer                                                                                                              ;
; FRACT_WIDTH    ; 8     ; Signed Integer                                                                                                              ;
; N_IN           ; 3     ; Signed Integer                                                                                                              ;
+----------------+-------+-----------------------------------------------------------------------------------------------------------------------------+
Note: In order to hide this table in the UI and the text report file, please set the "Show Parameter Settings in Synthesis Report" option in "Analysis and Synthesis Settings -> More Settings" to "Off".


+----------------------------------------------------------------------------------------------------------------------------------------------------------------------------+
; Parameter Settings for User Entity Instance: tanh_layer:inst1|WeightAndBiasInputs:inst1|VariableInputAdd:GEN1[0].final_answer|VariableInputAdd:right|VariableInputAdd:left ;
+----------------+-------+---------------------------------------------------------------------------------------------------------------------------------------------------+
; Parameter Name ; Value ; Type                                                                                                                                              ;
+----------------+-------+---------------------------------------------------------------------------------------------------------------------------------------------------+
; DATA_WIDTH     ; 16    ; Signed Integer                                                                                                                                    ;
; FRACT_WIDTH    ; 8     ; Signed Integer                                                                                                                                    ;
; N_IN           ; 1     ; Signed Integer                                                                                                                                    ;
+----------------+-------+---------------------------------------------------------------------------------------------------------------------------------------------------+
Note: In order to hide this table in the UI and the text report file, please set the "Show Parameter Settings in Synthesis Report" option in "Analysis and Synthesis Settings -> More Settings" to "Off".


+-----------------------------------------------------------------------------------------------------------------------------------------------------------------------------+
; Parameter Settings for User Entity Instance: tanh_layer:inst1|WeightAndBiasInputs:inst1|VariableInputAdd:GEN1[0].final_answer|VariableInputAdd:right|VariableInputAdd:right ;
+----------------+-------+----------------------------------------------------------------------------------------------------------------------------------------------------+
; Parameter Name ; Value ; Type                                                                                                                                               ;
+----------------+-------+----------------------------------------------------------------------------------------------------------------------------------------------------+
; DATA_WIDTH     ; 16    ; Signed Integer                                                                                                                                     ;
; FRACT_WIDTH    ; 8     ; Signed Integer                                                                                                                                     ;
; N_IN           ; 2     ; Signed Integer                                                                                                                                     ;
+----------------+-------+----------------------------------------------------------------------------------------------------------------------------------------------------+
Note: In order to hide this table in the UI and the text report file, please set the "Show Parameter Settings in Synthesis Report" option in "Analysis and Synthesis Settings -> More Settings" to "Off".


+-------------------------------------------------------------------------------------------------------------------------------+
; Parameter Settings for User Entity Instance: tanh_layer:inst1|WeightAndBiasInputs:inst1|VariableInputAdd:GEN1[1].final_answer ;
+----------------+-------+------------------------------------------------------------------------------------------------------+
; Parameter Name ; Value ; Type                                                                                                 ;
+----------------+-------+------------------------------------------------------------------------------------------------------+
; DATA_WIDTH     ; 16    ; Signed Integer                                                                                       ;
; FRACT_WIDTH    ; 8     ; Signed Integer                                                                                       ;
; N_IN           ; 5     ; Signed Integer                                                                                       ;
+----------------+-------+------------------------------------------------------------------------------------------------------+
Note: In order to hide this table in the UI and the text report file, please set the "Show Parameter Settings in Synthesis Report" option in "Analysis and Synthesis Settings -> More Settings" to "Off".


+-----------------------------------------------------------------------------------------------------------------------------------------------------+
; Parameter Settings for User Entity Instance: tanh_layer:inst1|WeightAndBiasInputs:inst1|VariableInputAdd:GEN1[1].final_answer|VariableInputAdd:left ;
+----------------+-------+----------------------------------------------------------------------------------------------------------------------------+
; Parameter Name ; Value ; Type                                                                                                                       ;
+----------------+-------+----------------------------------------------------------------------------------------------------------------------------+
; DATA_WIDTH     ; 16    ; Signed Integer                                                                                                             ;
; FRACT_WIDTH    ; 8     ; Signed Integer                                                                                                             ;
; N_IN           ; 2     ; Signed Integer                                                                                                             ;
+----------------+-------+----------------------------------------------------------------------------------------------------------------------------+
Note: In order to hide this table in the UI and the text report file, please set the "Show Parameter Settings in Synthesis Report" option in "Analysis and Synthesis Settings -> More Settings" to "Off".


+------------------------------------------------------------------------------------------------------------------------------------------------------+
; Parameter Settings for User Entity Instance: tanh_layer:inst1|WeightAndBiasInputs:inst1|VariableInputAdd:GEN1[1].final_answer|VariableInputAdd:right ;
+----------------+-------+-----------------------------------------------------------------------------------------------------------------------------+
; Parameter Name ; Value ; Type                                                                                                                        ;
+----------------+-------+-----------------------------------------------------------------------------------------------------------------------------+
; DATA_WIDTH     ; 16    ; Signed Integer                                                                                                              ;
; FRACT_WIDTH    ; 8     ; Signed Integer                                                                                                              ;
; N_IN           ; 3     ; Signed Integer                                                                                                              ;
+----------------+-------+-----------------------------------------------------------------------------------------------------------------------------+
Note: In order to hide this table in the UI and the text report file, please set the "Show Parameter Settings in Synthesis Report" option in "Analysis and Synthesis Settings -> More Settings" to "Off".


+----------------------------------------------------------------------------------------------------------------------------------------------------------------------------+
; Parameter Settings for User Entity Instance: tanh_layer:inst1|WeightAndBiasInputs:inst1|VariableInputAdd:GEN1[1].final_answer|VariableInputAdd:right|VariableInputAdd:left ;
+----------------+-------+---------------------------------------------------------------------------------------------------------------------------------------------------+
; Parameter Name ; Value ; Type                                                                                                                                              ;
+----------------+-------+---------------------------------------------------------------------------------------------------------------------------------------------------+
; DATA_WIDTH     ; 16    ; Signed Integer                                                                                                                                    ;
; FRACT_WIDTH    ; 8     ; Signed Integer                                                                                                                                    ;
; N_IN           ; 1     ; Signed Integer                                                                                                                                    ;
+----------------+-------+---------------------------------------------------------------------------------------------------------------------------------------------------+
Note: In order to hide this table in the UI and the text report file, please set the "Show Parameter Settings in Synthesis Report" option in "Analysis and Synthesis Settings -> More Settings" to "Off".


+-----------------------------------------------------------------------------------------------------------------------------------------------------------------------------+
; Parameter Settings for User Entity Instance: tanh_layer:inst1|WeightAndBiasInputs:inst1|VariableInputAdd:GEN1[1].final_answer|VariableInputAdd:right|VariableInputAdd:right ;
+----------------+-------+----------------------------------------------------------------------------------------------------------------------------------------------------+
; Parameter Name ; Value ; Type                                                                                                                                               ;
+----------------+-------+----------------------------------------------------------------------------------------------------------------------------------------------------+
; DATA_WIDTH     ; 16    ; Signed Integer                                                                                                                                     ;
; FRACT_WIDTH    ; 8     ; Signed Integer                                                                                                                                     ;
; N_IN           ; 2     ; Signed Integer                                                                                                                                     ;
+----------------+-------+----------------------------------------------------------------------------------------------------------------------------------------------------+
Note: In order to hide this table in the UI and the text report file, please set the "Show Parameter Settings in Synthesis Report" option in "Analysis and Synthesis Settings -> More Settings" to "Off".


+--------------------------------------------------------------------------------+
; Parameter Settings for User Entity Instance: tanh_layer:inst1|tanh:GEN[0].tanh ;
+----------------+-------+-------------------------------------------------------+
; Parameter Name ; Value ; Type                                                  ;
+----------------+-------+-------------------------------------------------------+
; DATA_WIDTH     ; 16    ; Signed Integer                                        ;
; FRACT_WIDTH    ; 8     ; Signed Integer                                        ;
+----------------+-------+-------------------------------------------------------+
Note: In order to hide this table in the UI and the text report file, please set the "Show Parameter Settings in Synthesis Report" option in "Analysis and Synthesis Settings -> More Settings" to "Off".


+--------------------------------------------------------------------------------+
; Parameter Settings for User Entity Instance: tanh_layer:inst1|tanh:GEN[1].tanh ;
+----------------+-------+-------------------------------------------------------+
; Parameter Name ; Value ; Type                                                  ;
+----------------+-------+-------------------------------------------------------+
; DATA_WIDTH     ; 16    ; Signed Integer                                        ;
; FRACT_WIDTH    ; 8     ; Signed Integer                                        ;
+----------------+-------+-------------------------------------------------------+
Note: In order to hide this table in the UI and the text report file, please set the "Show Parameter Settings in Synthesis Report" option in "Analysis and Synthesis Settings -> More Settings" to "Off".


+---------------------------------------------------------------------------------------------------------------------------+
; Analysis & Elaboration Settings                                                                                           ;
+---------------------------------------------------------------------------------+--------------------+--------------------+
; Option                                                                          ; Setting            ; Default Value      ;
+---------------------------------------------------------------------------------+--------------------+--------------------+
; Device                                                                          ; 5CSEBA6U23I7DK     ;                    ;
; Top-level entity name                                                           ; rnn_cell           ; rnn                ;
; Family name                                                                     ; Cyclone V          ; Cyclone V          ;
; Use smart compilation                                                           ; On                 ; Off                ;
; Maximum processors allowed for parallel compilation                             ; 4                  ;                    ;
; Enable parallel Assembler and TimeQuest Timing Analyzer during compilation      ; On                 ; On                 ;
; Enable compact report table                                                     ; Off                ; Off                ;
; Restructure Multiplexers                                                        ; Auto               ; Auto               ;
; MLAB Add Timing Constraints For Mixed-Port Feed-Through Mode Setting Don't Care ; Off                ; Off                ;
; Create Debugging Nodes for IP Cores                                             ; Off                ; Off                ;
; Preserve fewer node names                                                       ; On                 ; On                 ;
; OpenCore Plus hardware evaluation                                               ; Enable             ; Enable             ;
; Verilog Version                                                                 ; Verilog_2001       ; Verilog_2001       ;
; VHDL Version                                                                    ; VHDL_1993          ; VHDL_1993          ;
; State Machine Processing                                                        ; Auto               ; Auto               ;
; Safe State Machine                                                              ; Off                ; Off                ;
; Extract Verilog State Machines                                                  ; On                 ; On                 ;
; Extract VHDL State Machines                                                     ; On                 ; On                 ;
; Ignore Verilog initial constructs                                               ; Off                ; Off                ;
; Iteration limit for constant Verilog loops                                      ; 5000               ; 5000               ;
; Iteration limit for non-constant Verilog loops                                  ; 250                ; 250                ;
; Add Pass-Through Logic to Inferred RAMs                                         ; On                 ; On                 ;
; Infer RAMs from Raw Logic                                                       ; On                 ; On                 ;
; Parallel Synthesis                                                              ; On                 ; On                 ;
; DSP Block Balancing                                                             ; Auto               ; Auto               ;
; NOT Gate Push-Back                                                              ; On                 ; On                 ;
; Power-Up Don't Care                                                             ; On                 ; On                 ;
; Remove Redundant Logic Cells                                                    ; Off                ; Off                ;
; Remove Duplicate Registers                                                      ; On                 ; On                 ;
; Ignore CARRY Buffers                                                            ; Off                ; Off                ;
; Ignore CASCADE Buffers                                                          ; Off                ; Off                ;
; Ignore GLOBAL Buffers                                                           ; Off                ; Off                ;
; Ignore ROW GLOBAL Buffers                                                       ; Off                ; Off                ;
; Ignore LCELL Buffers                                                            ; Off                ; Off                ;
; Ignore SOFT Buffers                                                             ; On                 ; On                 ;
; Limit AHDL Integers to 32 Bits                                                  ; Off                ; Off                ;
; Optimization Technique                                                          ; Balanced           ; Balanced           ;
; Carry Chain Length                                                              ; 70                 ; 70                 ;
; Auto Carry Chains                                                               ; On                 ; On                 ;
; Auto Open-Drain Pins                                                            ; On                 ; On                 ;
; Perform WYSIWYG Primitive Resynthesis                                           ; Off                ; Off                ;
; Auto ROM Replacement                                                            ; On                 ; On                 ;
; Auto RAM Replacement                                                            ; On                 ; On                 ;
; Auto DSP Block Replacement                                                      ; On                 ; On                 ;
; Auto Shift Register Replacement                                                 ; Auto               ; Auto               ;
; Allow Shift Register Merging across Hierarchies                                 ; Auto               ; Auto               ;
; Auto Clock Enable Replacement                                                   ; On                 ; On                 ;
; Strict RAM Replacement                                                          ; Off                ; Off                ;
; Allow Synchronous Control Signals                                               ; On                 ; On                 ;
; Force Use of Synchronous Clear Signals                                          ; Off                ; Off                ;
; Auto Resource Sharing                                                           ; Off                ; Off                ;
; Allow Any RAM Size For Recognition                                              ; Off                ; Off                ;
; Allow Any ROM Size For Recognition                                              ; Off                ; Off                ;
; Allow Any Shift Register Size For Recognition                                   ; Off                ; Off                ;
; Use LogicLock Constraints during Resource Balancing                             ; On                 ; On                 ;
; Ignore translate_off and synthesis_off directives                               ; Off                ; Off                ;
; Timing-Driven Synthesis                                                         ; On                 ; On                 ;
; Report Parameter Settings                                                       ; On                 ; On                 ;
; Report Source Assignments                                                       ; On                 ; On                 ;
; Report Connectivity Checks                                                      ; On                 ; On                 ;
; Ignore Maximum Fan-Out Assignments                                              ; Off                ; Off                ;
; Synchronization Register Chain Length                                           ; 3                  ; 3                  ;
; PowerPlay Power Optimization During Synthesis                                   ; Normal compilation ; Normal compilation ;
; HDL message level                                                               ; Level2             ; Level2             ;
; Suppress Register Optimization Related Messages                                 ; Off                ; Off                ;
; Number of Removed Registers Reported in Synthesis Report                        ; 5000               ; 5000               ;
; Number of Swept Nodes Reported in Synthesis Report                              ; 5000               ; 5000               ;
; Number of Inverted Registers Reported in Synthesis Report                       ; 100                ; 100                ;
; Clock MUX Protection                                                            ; On                 ; On                 ;
; Auto Gated Clock Conversion                                                     ; Off                ; Off                ;
; Block Design Naming                                                             ; Auto               ; Auto               ;
; SDC constraint protection                                                       ; Off                ; Off                ;
; Synthesis Effort                                                                ; Auto               ; Auto               ;
; Shift Register Replacement - Allow Asynchronous Clear Signal                    ; On                 ; On                 ;
; Pre-Mapping Resynthesis Optimization                                            ; Off                ; Off                ;
; Analysis & Synthesis Message Level                                              ; Medium             ; Medium             ;
; Disable Register Merging Across Hierarchies                                     ; Auto               ; Auto               ;
; Resource Aware Inference For Block RAM                                          ; On                 ; On                 ;
; Automatic Parallel Synthesis                                                    ; On                 ; On                 ;
; Partial Reconfiguration Bitstream ID                                            ; Off                ; Off                ;
+---------------------------------------------------------------------------------+--------------------+--------------------+


+---------------------------------+
; Analysis & Elaboration Messages ;
+---------------------------------+
Info: *******************************************************************
Info: Running Quartus Prime Analysis & Elaboration
    Info: Version 16.1.0 Build 196 10/24/2016 SJ Lite Edition
    Info: Processing started: Sat Apr 29 02:54:46 2017
Info: Command: quartus_map --read_settings_files=on --write_settings_files=off rnn -c rnn --analysis_and_elaboration
Info (20032): Parallel compilation is enabled and will use up to 4 processors
Info (12021): Found 1 design units, including 1 entities, in source file rnn.v
    Info (12023): Found entity 1: rnn File: W:/CS8803ACT_Project/ACTproject/rnn.v Line: 1
Info (12021): Found 1 design units, including 1 entities, in source file rnn_cell.v
    Info (12023): Found entity 1: rnn_cell File: W:/CS8803ACT_Project/ACTproject/rnn_cell.v Line: 1
Info (12021): Found 1 design units, including 1 entities, in source file tanh_layer.v
    Info (12023): Found entity 1: tanh_layer File: W:/CS8803ACT_Project/ACTproject/tanh_layer.v Line: 1
Info (12021): Found 1 design units, including 1 entities, in source file tanh.v
    Info (12023): Found entity 1: tanh File: W:/CS8803ACT_Project/ACTproject/tanh.v Line: 1
Info (12021): Found 1 design units, including 1 entities, in source file sigmoid.v
    Info (12023): Found entity 1: sigmoid File: W:/CS8803ACT_Project/ACTproject/sigmoid.v Line: 1
Info (12021): Found 1 design units, including 1 entities, in source file lstm_cell.v
    Info (12023): Found entity 1: lstm_cell File: W:/CS8803ACT_Project/ACTproject/lstm_cell.v Line: 1
Info (12021): Found 1 design units, including 1 entities, in source file weightandbiasinputs.v
    Info (12023): Found entity 1: WeightAndBiasInputs File: W:/CS8803ACT_Project/ACTproject/WeightAndBiasInputs.v Line: 1
Info (12021): Found 1 design units, including 1 entities, in source file variableinputadd.v
    Info (12023): Found entity 1: VariableInputAdd File: W:/CS8803ACT_Project/ACTproject/VariableInputAdd.v Line: 1
Info (12021): Found 1 design units, including 1 entities, in source file variableinputadd_tester.v
    Info (12023): Found entity 1: VariableInputAdd_Tester File: W:/CS8803ACT_Project/ACTproject/VariableInputAdd_Tester.v Line: 1
Info (12127): Elaborating entity "rnn_cell" for the top level hierarchy
Critical Warning (10237): Verilog HDL warning at rnn_cell.v(43): can't infer register for assignment in edge-triggered always construct because the clock isn't obvious. Generated combinational logic instead File: W:/CS8803ACT_Project/ACTproject/rnn_cell.v Line: 43
Info (12128): Elaborating entity "tanh_layer" for hierarchy "tanh_layer:inst1" File: W:/CS8803ACT_Project/ACTproject/rnn_cell.v Line: 40
Info (12128): Elaborating entity "WeightAndBiasInputs" for hierarchy "tanh_layer:inst1|WeightAndBiasInputs:inst1" File: W:/CS8803ACT_Project/ACTproject/tanh_layer.v Line: 28
Warning (10850): Verilog HDL warning at WeightAndBiasInputs.v(44): number of words (8) in memory file does not match the number of elements in the address range [0:11] File: W:/CS8803ACT_Project/ACTproject/WeightAndBiasInputs.v Line: 44
Warning (10855): Verilog HDL warning at WeightAndBiasInputs.v(43): initial value for variable mem should be constant File: W:/CS8803ACT_Project/ACTproject/WeightAndBiasInputs.v Line: 43
Warning (10230): Verilog HDL assignment warning at WeightAndBiasInputs.v(56): truncated value with size 24 to match size of target (16) File: W:/CS8803ACT_Project/ACTproject/WeightAndBiasInputs.v Line: 56
Warning (10030): Net "mem" at WeightAndBiasInputs.v(42) has no driver or initial value, using a default initial value '0' File: W:/CS8803ACT_Project/ACTproject/WeightAndBiasInputs.v Line: 42
Info (10008): Verilog HDL or VHDL information: EDA Netlist Writer cannot regroup multidimensional array "weights" into its bus
Info (10008): Verilog HDL or VHDL information: EDA Netlist Writer cannot regroup multidimensional array "products" into its bus
Info (12128): Elaborating entity "VariableInputAdd" for hierarchy "tanh_layer:inst1|WeightAndBiasInputs:inst1|VariableInputAdd:GEN1[0].final_answer" File: W:/CS8803ACT_Project/ACTproject/WeightAndBiasInputs.v Line: 63
Info (12128): Elaborating entity "VariableInputAdd" for hierarchy "tanh_layer:inst1|WeightAndBiasInputs:inst1|VariableInputAdd:GEN1[0].final_answer|VariableInputAdd:left" File: W:/CS8803ACT_Project/ACTproject/VariableInputAdd.v Line: 43
Info (12128): Elaborating entity "VariableInputAdd" for hierarchy "tanh_layer:inst1|WeightAndBiasInputs:inst1|VariableInputAdd:GEN1[0].final_answer|VariableInputAdd:right" File: W:/CS8803ACT_Project/ACTproject/VariableInputAdd.v Line: 47
Info (12128): Elaborating entity "VariableInputAdd" for hierarchy "tanh_layer:inst1|WeightAndBiasInputs:inst1|VariableInputAdd:GEN1[0].final_answer|VariableInputAdd:right|VariableInputAdd:left" File: W:/CS8803ACT_Project/ACTproject/VariableInputAdd.v Line: 43
Info (12128): Elaborating entity "tanh" for hierarchy "tanh_layer:inst1|tanh:GEN[0].tanh" File: W:/CS8803ACT_Project/ACTproject/tanh_layer.v Line: 36
Info: Quartus Prime Analysis & Elaboration was successful. 0 errors, 5 warnings
    Info: Peak virtual memory: 674 megabytes
    Info: Processing ended: Sat Apr 29 02:55:01 2017
    Info: Elapsed time: 00:00:15
    Info: Total CPU time (on all processors): 00:00:26


